<?xml version="1.0" encoding="UTF-8"?>
<!-- Generated by org.testng.reporters.JUnitReportReporter -->
<testsuite hostname="DESKTOP-0B64E39" failures="0" tests="2" name="automation.parameterizationtest" time="35.047" errors="0" timestamp="2022-01-18T20:14:17 IST" skipped="0">
  <testcase classname="automation.parameterizationtest" name="verifytitle" time="19.289"/>
  <system-out/>
  <testcase classname="automation.parameterizationtest" name="verifytitle" time="15.758"/>
  <system-out/>
</testsuite> <!-- automation.parameterizationtest -->
