<?xml version="1.0" encoding="UTF-8"?>
<!-- Generated by org.testng.reporters.JUnitReportReporter -->
<testsuite hostname="DESKTOP-0B64E39" failures="0" tests="1" name="automation.practicetest" time="12.207" errors="0" timestamp="2022-01-18T19:49:19 IST" skipped="0">
  <testcase classname="automation.practicetest" name="setup" time="12.207"/>
  <system-out/>
</testsuite> <!-- automation.practicetest -->
